> Task :gradle-plugin:shared:checkKotlinGradlePluginConfigurationErrors SKIPPED
> Task :expo-gradle-plugin:expo-autolinking-settings-plugin:checkKotlinGradlePluginConfigurationErrors SKIPPED
> Task :gradle-plugin:settings-plugin:checkKotlinGradlePluginConfigurationErrors SKIPPED
> Task :expo-gradle-plugin:expo-autolinking-plugin-shared:checkKotlinGradlePluginConfigurationErrors SKIPPED
> Task :gradle-plugin:settings-plugin:pluginDescriptors UP-TO-DATE
> Task :expo-gradle-plugin:expo-autolinking-settings-plugin:pluginDescriptors UP-TO-DATE
> Task :gradle-plugin:settings-plugin:processResources UP-TO-DATE
> Task :expo-gradle-plugin:expo-autolinking-settings-plugin:processResources UP-TO-DATE
> Task :gradle-plugin:shared:compileKotlin UP-TO-DATE
> Task :expo-gradle-plugin:expo-autolinking-plugin-shared:compileKotlin UP-TO-DATE
> Task :gradle-plugin:shared:compileJava NO-SOURCE
> Task :gradle-plugin:shared:processResources NO-SOURCE
> Task :expo-gradle-plugin:expo-autolinking-plugin-shared:compileJava NO-SOURCE
> Task :gradle-plugin:shared:classes UP-TO-DATE
> Task :expo-gradle-plugin:expo-autolinking-plugin-shared:processResources NO-SOURCE
> Task :expo-gradle-plugin:expo-autolinking-plugin-shared:classes UP-TO-DATE
> Task :gradle-plugin:shared:jar UP-TO-DATE
> Task :expo-gradle-plugin:expo-autolinking-plugin-shared:jar UP-TO-DATE
> Task :gradle-plugin:settings-plugin:compileKotlin UP-TO-DATE
> Task :gradle-plugin:settings-plugin:compileJava NO-SOURCE
> Task :gradle-plugin:settings-plugin:classes UP-TO-DATE
> Task :gradle-plugin:settings-plugin:jar UP-TO-DATE
> Task :expo-gradle-plugin:expo-autolinking-settings-plugin:compileKotlin UP-TO-DATE
> Task :expo-gradle-plugin:expo-autolinking-settings-plugin:compileJava NO-SOURCE
> Task :expo-gradle-plugin:expo-autolinking-settings-plugin:classes UP-TO-DATE
> Task :expo-gradle-plugin:expo-autolinking-settings-plugin:jar UP-TO-DATE
> Task :gradle-plugin:react-native-gradle-plugin:checkKotlinGradlePluginConfigurationErrors SKIPPED
> Task :expo-gradle-plugin:expo-autolinking-plugin:checkKotlinGradlePluginConfigurationErrors SKIPPED
> Task :expo-module-gradle-plugin:checkKotlinGradlePluginConfigurationErrors SKIPPED
> Task :expo-module-gradle-plugin:pluginDescriptors UP-TO-DATE
> Task :expo-module-gradle-plugin:processResources UP-TO-DATE
> Task :expo-gradle-plugin:expo-autolinking-plugin:compileKotlin UP-TO-DATE
> Task :gradle-plugin:react-native-gradle-plugin:compileKotlin UP-TO-DATE
> Task :gradle-plugin:react-native-gradle-plugin:compileJava NO-SOURCE
> Task :expo-gradle-plugin:expo-autolinking-plugin:compileJava NO-SOURCE
> Task :gradle-plugin:react-native-gradle-plugin:pluginDescriptors UP-TO-DATE
> Task :expo-gradle-plugin:expo-autolinking-plugin:pluginDescriptors UP-TO-DATE
> Task :gradle-plugin:react-native-gradle-plugin:processResources UP-TO-DATE
> Task :expo-gradle-plugin:expo-autolinking-plugin:processResources UP-TO-DATE
> Task :gradle-plugin:react-native-gradle-plugin:classes UP-TO-DATE
> Task :expo-gradle-plugin:expo-autolinking-plugin:classes UP-TO-DATE
> Task :gradle-plugin:react-native-gradle-plugin:jar UP-TO-DATE
> Task :expo-gradle-plugin:expo-autolinking-plugin:jar UP-TO-DATE
> Task :expo-module-gradle-plugin:compileKotlin UP-TO-DATE
> Task :expo-module-gradle-plugin:compileJava NO-SOURCE
> Task :expo-module-gradle-plugin:classes UP-TO-DATE
> Task :expo-module-gradle-plugin:jar UP-TO-DATE

> Configure project :
[32m[ExpoRootProject][0m Using the following versions:
  - buildTools:  [32m36.0.0[0m
  - minSdk:      [32m24[0m
  - compileSdk:  [32m36[0m
  - targetSdk:   [32m36[0m
  - ndk:         [32m26.1.10909125[0m
  - kotlin:      [32m2.1.20[0m
  - ksp:         [32m2.1.20-2.0.1[0m

> Configure project :expo

Using expo modules
  - [32mexpo-constants[0m (18.0.9)
  - [32mexpo-modules-core[0m (3.0.21)
  - [33m[?][0m [32mexpo-asset[0m (12.0.9)
  - [33m[?][0m [32mexpo-file-system[0m (19.0.17)
  - [33m[?][0m [32mexpo-font[0m (14.0.9)
  - [33m[?][0m [32mexpo-keep-awake[0m (15.0.7)


> Task :expo-modules-core:preBuild UP-TO-DATE
> Task :expo-modules-core:preDebugBuild UP-TO-DATE
> Task :app:generateAutolinkingNewArchitectureFiles
> Task :expo-modules-core:generateDebugResValues
> Task :expo-modules-core:writeDebugAarMetadata
> Task :expo-modules-core:generateDebugResources
> Task :app:generateAutolinkingPackageList
> Task :app:generateCodegenSchemaFromJavaScript SKIPPED
> Task :app:generateCodegenArtifactsFromSchema SKIPPED
> Task :app:generateReactNativeEntryPoint
> Task :app:checkKotlinGradlePluginConfigurationErrors SKIPPED
> Task :expo-modules-core:packageDebugResources
> Task :react-native-reanimated:assertMinimalReactNativeVersionTask
> Task :react-native-reanimated:assertNewArchitectureEnabledTask SKIPPED
> Task :expo-modules-core:extractDeepLinksDebug
> Task :react-native-worklets:assertMinimalReactNativeVersionTask
> Task :react-native-worklets:assertNewArchitectureEnabledTask SKIPPED
> Task :expo-modules-core:compileDebugLibraryResources
> Task :expo-modules-core:checkKotlinGradlePluginConfigurationErrors SKIPPED
> Task :expo-modules-core:generateDebugBuildConfig
> Task :expo-modules-core:javaPreCompileDebug
> Task :expo-modules-core:parseDebugLocalResources
> Task :expo-modules-core:mergeDebugShaders
> Task :expo-modules-core:compileDebugShaders NO-SOURCE
> Task :expo-modules-core:generateDebugAssets UP-TO-DATE
> Task :expo-modules-core:mergeDebugAssets

> Task :expo-modules-core:processDebugManifest
C:\Users\Michaela Bandasan\ContraceptIQ-App\mobile-app\node_modules\expo-modules-core\android\src\main\AndroidManifest.xml:8:9-11:45 Warning:
	meta-data#com.facebook.soloader.enabled@android:value was tagged at AndroidManifest.xml:8 to replace other declarations but no other declaration present

> Task :expo-modules-core:generateDebugRFile
> Task :react-native-reanimated:assertWorkletsVersionTask

> Task :expo-constants:createExpoConfig
The NODE_ENV environment variable is required but was not specified. Ensure the project is bundled with Expo CLI or NODE_ENV is set. Using only .env.local and .env

> Task :expo-constants:preBuild
> Task :expo-constants:preDebugBuild
> Task :react-native-gesture-handler:generateCodegenSchemaFromJavaScript
> Task :react-native-safe-area-context:generateCodegenSchemaFromJavaScript
> Task :expo-constants:generateDebugResValues
> Task :expo-constants:generateDebugResources
> Task :expo-constants:packageDebugResources
> Task :react-native-community_slider:generateCodegenSchemaFromJavaScript
> Task :expo-constants:extractDeepLinksDebug
> Task :expo-constants:writeDebugAarMetadata
> Task :react-native-screens:generateCodegenSchemaFromJavaScript
> Task :react-native-vector-icons:generateCodegenSchemaFromJavaScript
> Task :expo-constants:compileDebugLibraryResources
> Task :expo-constants:checkKotlinGradlePluginConfigurationErrors SKIPPED
> Task :expo-constants:generateDebugBuildConfig
> Task :expo-constants:parseDebugLocalResources
> Task :expo-constants:javaPreCompileDebug
> Task :expo-constants:mergeDebugShaders
> Task :expo-constants:compileDebugShaders NO-SOURCE
> Task :expo-constants:generateDebugAssets UP-TO-DATE
> Task :expo-constants:processDebugManifest
> Task :expo-constants:mergeDebugAssets
> Task :expo-constants:mergeDebugJniLibFolders
> Task :expo-constants:mergeDebugNativeLibs NO-SOURCE
> Task :expo-constants:copyDebugJniLibsProjectOnly
> Task :react-native-worklets:generateCodegenSchemaFromJavaScript
> Task :expo-constants:generateDebugRFile
> Task :react-native-reanimated:generateCodegenSchemaFromJavaScript
> Task :react-native-safe-area-context:generateCodegenArtifactsFromSchema
> Task :react-native-safe-area-context:preBuild
> Task :react-native-safe-area-context:preDebugBuild
> Task :react-native-safe-area-context:writeDebugAarMetadata
> Task :react-native-gesture-handler:generateCodegenArtifactsFromSchema
> Task :react-native-gesture-handler:preBuild
> Task :react-native-gesture-handler:preDebugBuild
> Task :react-native-safe-area-context:generateDebugResValues
> Task :react-native-community_slider:generateCodegenArtifactsFromSchema
> Task :react-native-community_slider:preBuild
> Task :react-native-community_slider:preDebugBuild
> Task :react-native-gesture-handler:writeDebugAarMetadata
> Task :react-native-community_slider:writeDebugAarMetadata
> Task :react-native-gesture-handler:generateDebugResValues
> Task :react-native-community_slider:generateDebugResValues
> Task :react-native-safe-area-context:generateDebugResources
> Task :react-native-community_slider:generateDebugResources
> Task :react-native-gesture-handler:generateDebugResources
> Task :react-native-community_slider:packageDebugResources
> Task :react-native-community_slider:extractDeepLinksDebug
> Task :react-native-safe-area-context:packageDebugResources
> Task :react-native-gesture-handler:packageDebugResources
> Task :react-native-safe-area-context:extractDeepLinksDebug
> Task :react-native-vector-icons:generateCodegenArtifactsFromSchema
> Task :react-native-vector-icons:preBuild
> Task :react-native-vector-icons:preDebugBuild
> Task :react-native-gesture-handler:extractDeepLinksDebug
> Task :react-native-vector-icons:writeDebugAarMetadata
> Task :react-native-community_slider:compileDebugLibraryResources
> Task :react-native-screens:generateCodegenArtifactsFromSchema
> Task :react-native-screens:preBuild
> Task :react-native-screens:preDebugBuild
> Task :react-native-vector-icons:generateDebugResValues
> Task :react-native-screens:writeDebugAarMetadata
> Task :react-native-community_slider:parseDebugLocalResources
> Task :react-native-screens:generateDebugResValues

> Task :react-native-safe-area-context:processDebugManifest
package="com.th3rdwave.safeareacontext" found in source AndroidManifest.xml: C:\Users\Michaela Bandasan\ContraceptIQ-App\mobile-app\node_modules\react-native-safe-area-context\android\src\main\AndroidManifest.xml.
Setting the namespace via the package attribute in the source AndroidManifest.xml is no longer supported, and the value is ignored.
Recommendation: remove package="com.th3rdwave.safeareacontext" from the source AndroidManifest.xml: C:\Users\Michaela Bandasan\ContraceptIQ-App\mobile-app\node_modules\react-native-safe-area-context\android\src\main\AndroidManifest.xml.

> Task :react-native-vector-icons:generateDebugResources
> Task :react-native-safe-area-context:compileDebugLibraryResources
> Task :react-native-gesture-handler:compileDebugLibraryResources
> Task :react-native-gesture-handler:processDebugManifest
> Task :react-native-gesture-handler:checkKotlinGradlePluginConfigurationErrors SKIPPED
> Task :react-native-community_slider:generateDebugBuildConfig
> Task :react-native-gesture-handler:generateDebugBuildConfig

> Task :react-native-community_slider:processDebugManifest
package="com.reactnativecommunity.slider" found in source AndroidManifest.xml: C:\Users\Michaela Bandasan\ContraceptIQ-App\mobile-app\node_modules\@react-native-community\slider\android\src\main\AndroidManifest.xml.
Setting the namespace via the package attribute in the source AndroidManifest.xml is no longer supported, and the value is ignored.
Recommendation: remove package="com.reactnativecommunity.slider" from the source AndroidManifest.xml: C:\Users\Michaela Bandasan\ContraceptIQ-App\mobile-app\node_modules\@react-native-community\slider\android\src\main\AndroidManifest.xml.

> Task :react-native-safe-area-context:checkKotlinGradlePluginConfigurationErrors SKIPPED
> Task :react-native-gesture-handler:parseDebugLocalResources
> Task :react-native-safe-area-context:parseDebugLocalResources
> Task :react-native-community_slider:generateDebugRFile
> Task :react-native-gesture-handler:javaPreCompileDebug
> Task :react-native-community_slider:javaPreCompileDebug
> Task :react-native-vector-icons:packageDebugResources
> Task :react-native-screens:generateDebugResources
> Task :react-native-safe-area-context:generateDebugBuildConfig
> Task :react-native-community_slider:mergeDebugShaders
> Task :react-native-gesture-handler:mergeDebugShaders
> Task :react-native-gesture-handler:generateDebugRFile
> Task :react-native-gesture-handler:compileDebugShaders NO-SOURCE
> Task :react-native-gesture-handler:generateDebugAssets UP-TO-DATE
> Task :react-native-safe-area-context:javaPreCompileDebug
> Task :react-native-gesture-handler:mergeDebugAssets
> Task :react-native-safe-area-context:mergeDebugShaders
> Task :react-native-safe-area-context:compileDebugShaders NO-SOURCE
> Task :react-native-safe-area-context:generateDebugAssets UP-TO-DATE
> Task :react-native-safe-area-context:generateDebugRFile
> Task :react-native-safe-area-context:mergeDebugAssets
> Task :react-native-vector-icons:extractDeepLinksDebug
> Task :react-native-vector-icons:compileDebugLibraryResources
> Task :react-native-vector-icons:parseDebugLocalResources
> Task :react-native-vector-icons:generateDebugBuildConfig

> Task :react-native-vector-icons:processDebugManifest
package="com.oblador.vectoricons" found in source AndroidManifest.xml: C:\Users\Michaela Bandasan\ContraceptIQ-App\mobile-app\node_modules\react-native-vector-icons\android\src\main\AndroidManifest.xml.
Setting the namespace via the package attribute in the source AndroidManifest.xml is no longer supported, and the value is ignored.
Recommendation: remove package="com.oblador.vectoricons" from the source AndroidManifest.xml: C:\Users\Michaela Bandasan\ContraceptIQ-App\mobile-app\node_modules\react-native-vector-icons\android\src\main\AndroidManifest.xml.

> Task :react-native-vector-icons:javaPreCompileDebug
> Task :react-native-vector-icons:generateDebugRFile
> Task :react-native-vector-icons:mergeDebugShaders
> Task :react-native-gesture-handler:mergeDebugJniLibFolders
> Task :react-native-worklets:generateCodegenArtifactsFromSchema
> Task :react-native-screens:packageDebugResources
> Task :react-native-screens:extractDeepLinksDebug
> Task :react-native-screens:processDebugManifest
> Task :react-native-screens:checkKotlinGradlePluginConfigurationErrors SKIPPED
> Task :react-native-screens:generateDebugBuildConfig
> Task :react-native-screens:javaPreCompileDebug
> Task :react-native-screens:mergeDebugShaders
> Task :react-native-screens:compileDebugShaders NO-SOURCE
> Task :react-native-screens:generateDebugAssets UP-TO-DATE
> Task :react-native-screens:mergeDebugAssets
> Task :react-native-screens:parseDebugLocalResources
> Task :react-native-worklets:prepareWorkletsHeadersForPrefabs
> Task :react-native-worklets:preBuild
> Task :react-native-worklets:preDebugBuild
> Task :react-native-reanimated:generateCodegenArtifactsFromSchema
> Task :react-native-worklets:generateDebugResValues
> Task :react-native-worklets:writeDebugAarMetadata
> Task :react-native-worklets:generateDebugResources
> Task :react-native-screens:compileDebugLibraryResources
> Task :react-native-worklets:packageDebugResources
> Task :react-native-worklets:extractDeepLinksDebug
> Task :react-native-worklets:compileDebugLibraryResources
> Task :react-native-worklets:processDebugManifest
> Task :react-native-worklets:parseDebugLocalResources
> Task :react-native-worklets:generateDebugBuildConfig
> Task :react-native-worklets:javaPreCompileDebug
> Task :react-native-worklets:generateDebugRFile
> Task :react-native-worklets:mergeDebugShaders
> Task :react-native-safe-area-context:mergeDebugJniLibFolders
> Task :react-native-safe-area-context:mergeDebugNativeLibs NO-SOURCE
> Task :react-native-safe-area-context:copyDebugJniLibsProjectOnly
> Task :expo:generatePackagesList
> Task :expo:preBuild
> Task :expo:preDebugBuild
> Task :expo:generateDebugResValues
> Task :expo:writeDebugAarMetadata
> Task :react-native-reanimated:prepareReanimatedHeadersForPrefabs
> Task :react-native-reanimated:preBuild
> Task :app:preBuild
> Task :app:preDebugBuild
> Task :react-native-reanimated:preDebugBuild
> Task :app:mergeDebugNativeDebugMetadata NO-SOURCE
> Task :react-native-reanimated:writeDebugAarMetadata
> Task :react-native-reanimated:generateDebugResValues
> Task :expo:generateDebugResources
> Task :app:generateDebugBuildConfig
> Task :react-native-reanimated:generateDebugResources
> Task :expo:packageDebugResources
> Task :expo:extractDeepLinksDebug
> Task :react-native-reanimated:packageDebugResources
> Task :react-native-reanimated:extractDeepLinksDebug
> Task :react-native-reanimated:processDebugManifest
> Task :expo:processDebugManifest
> Task :expo:compileDebugLibraryResources
> Task :react-native-reanimated:compileDebugLibraryResources
> Task :expo:checkKotlinGradlePluginConfigurationErrors SKIPPED
> Task :expo:generateDebugBuildConfig
> Task :expo:parseDebugLocalResources
> Task :react-native-reanimated:parseDebugLocalResources
> Task :react-native-reanimated:generateDebugBuildConfig
> Task :react-native-reanimated:javaPreCompileDebug
> Task :expo:generateDebugRFile
> Task :react-native-reanimated:generateDebugRFile
> Task :react-native-reanimated:mergeDebugShaders
> Task :react-native-reanimated:compileDebugShaders NO-SOURCE
> Task :react-native-reanimated:generateDebugAssets UP-TO-DATE
> Task :expo:javaPreCompileDebug
> Task :expo:mergeDebugShaders
> Task :react-native-reanimated:mergeDebugAssets
> Task :expo:compileDebugShaders NO-SOURCE
> Task :expo:generateDebugAssets UP-TO-DATE
> Task :react-native-reanimated:processDebugJavaRes NO-SOURCE
> Task :app:generateDebugResValues
> Task :expo:mergeDebugAssets
> Task :expo:mergeDebugJniLibFolders
> Task :expo:mergeDebugNativeLibs NO-SOURCE
> Task :expo:copyDebugJniLibsProjectOnly
> Task :app:checkDebugAarMetadata
> Task :react-native-reanimated:mergeDebugJniLibFolders
> Task :app:mapDebugSourceSetPaths
> Task :app:generateDebugResources

> Task :react-native-vector-icons:compileDebugJavaWithJavac
Note: Some input files use or override a deprecated API.
Note: Recompile with -Xlint:deprecation for details.

> Task :react-native-worklets:compileDebugJavaWithJavac
Note: C:\Users\Michaela Bandasan\ContraceptIQ-App\mobile-app\node_modules\react-native-worklets\android\src\main\java\com\swmansion\worklets\WorkletsPackage.java uses unchecked or unsafe operations.
Note: Recompile with -Xlint:unchecked for details.

> Task :react-native-worklets:compileDebugShaders NO-SOURCE
> Task :react-native-vector-icons:compileDebugShaders NO-SOURCE
> Task :react-native-worklets:generateDebugAssets UP-TO-DATE
> Task :react-native-vector-icons:generateDebugAssets UP-TO-DATE

> Task :react-native-community_slider:compileDebugJavaWithJavac
Note: Some input files use or override a deprecated API.
Note: Recompile with -Xlint:deprecation for details.

> Task :react-native-vector-icons:mergeDebugAssets
> Task :react-native-worklets:mergeDebugAssets
> Task :react-native-worklets:processDebugJavaRes NO-SOURCE
> Task :react-native-vector-icons:processDebugJavaRes NO-SOURCE
> Task :react-native-worklets:bundleLibRuntimeToJarDebug
> Task :react-native-vector-icons:bundleLibRuntimeToJarDebug
> Task :react-native-vector-icons:mergeDebugJniLibFolders
> Task :react-native-vector-icons:bundleLibRuntimeToDirDebug
> Task :react-native-vector-icons:bundleLibCompileToJarDebug
> Task :react-native-worklets:bundleLibCompileToJarDebug
> Task :react-native-vector-icons:mergeDebugNativeLibs NO-SOURCE
> Task :react-native-vector-icons:copyDebugJniLibsProjectOnly
> Task :react-native-worklets:bundleLibRuntimeToDirDebug
> Task :react-native-community_slider:compileDebugShaders NO-SOURCE
> Task :react-native-community_slider:generateDebugAssets UP-TO-DATE
> Task :react-native-community_slider:mergeDebugAssets
> Task :react-native-community_slider:bundleLibCompileToJarDebug
> Task :react-native-community_slider:processDebugJavaRes NO-SOURCE
> Task :react-native-community_slider:bundleLibRuntimeToJarDebug
> Task :react-native-community_slider:mergeDebugJniLibFolders
> Task :react-native-community_slider:mergeDebugNativeLibs NO-SOURCE
> Task :react-native-community_slider:copyDebugJniLibsProjectOnly
> Task :react-native-community_slider:bundleLibRuntimeToDirDebug
> Task :app:packageDebugResources
> Task :app:createDebugCompatibleScreenManifests
> Task :app:extractDeepLinksDebug
> Task :app:parseDebugLocalResources

> Task :app:processDebugMainManifest
C:\Users\Michaela Bandasan\ContraceptIQ-App\mobile-app\android\app\src\debug\AndroidManifest.xml:6:5-162 Warning:
	application@android:usesCleartextTraffic was tagged at AndroidManifest.xml:6 to replace other declarations but no other declaration present
C:\Users\Michaela Bandasan\ContraceptIQ-App\mobile-app\android\app\src\debug\AndroidManifest.xml Warning:
	provider#expo.modules.filesystem.FileSystemFileProvider@android:authorities was tagged at AndroidManifest.xml:0 to replace other declarations but no other declaration present

> Task :app:mergeDebugResources
> Task :app:processDebugManifest
> Task :app:processDebugManifestForPackage
> Task :app:javaPreCompileDebug
> Task :app:mergeDebugShaders
> Task :app:compileDebugShaders NO-SOURCE
> Task :app:generateDebugAssets UP-TO-DATE
> Task :app:mergeDebugAssets
> Task :app:compressDebugAssets
> Task :app:desugarDebugFileDependencies
> Task :app:mergeDebugJniLibFolders
> Task :app:validateSigningDebug
> Task :app:writeDebugAppMetadata
> Task :app:writeDebugSigningConfigVersions
> Task :app:checkDebugDuplicateClasses

> Task :react-native-screens:configureCMakeDebug[arm64-v8a]
C/C++: CMake Warning:
C/C++:   Manually-specified variables were not used by the project:
C/C++:     ANDROID_SUPPORT_FLEXIBLE_PAGE_SIZES

> Task :expo-modules-core:configureCMakeDebug[arm64-v8a]
C/C++: CMake Warning:
C/C++:   Manually-specified variables were not used by the project:
C/C++:     ANDROID_SUPPORT_FLEXIBLE_PAGE_SIZES

> Task :react-native-screens:generateDebugRFile

> Task :react-native-worklets:configureCMakeDebug[arm64-v8a]
C/C++: CMake Warning:
C/C++:   Manually-specified variables were not used by the project:
C/C++:     ANDROID_SUPPORT_FLEXIBLE_PAGE_SIZES

> Task :react-native-safe-area-context:compileDebugKotlin
w: file:///C:/Users/Michaela%20Bandasan/ContraceptIQ-App/mobile-app/node_modules/react-native-safe-area-context/android/src/main/java/com/th3rdwave/safeareacontext/SafeAreaView.kt:59:23 'val uiImplementation: UIImplementation!' is deprecated. Deprecated in Java.

> Task :app:mergeExtDexDebug

> Task :react-native-reanimated:compileDebugJavaWithJavac
Note: Some input files use or override a deprecated API.
Note: Recompile with -Xlint:deprecation for details.
Note: Some input files use unchecked or unsafe operations.
Note: Recompile with -Xlint:unchecked for details.

> Task :react-native-reanimated:bundleLibRuntimeToJarDebug
> Task :react-native-reanimated:bundleLibCompileToJarDebug
> Task :react-native-safe-area-context:compileDebugJavaWithJavac
> Task :react-native-reanimated:bundleLibRuntimeToDirDebug
> Task :react-native-safe-area-context:processDebugJavaRes
> Task :react-native-safe-area-context:bundleLibCompileToJarDebug
> Task :react-native-safe-area-context:bundleLibRuntimeToJarDebug
> Task :react-native-safe-area-context:bundleLibRuntimeToDirDebug

> Task :react-native-worklets:configureCMakeDebug[armeabi-v7a]
C/C++: CMake Warning:
C/C++:   Manually-specified variables were not used by the project:
C/C++:     ANDROID_SUPPORT_FLEXIBLE_PAGE_SIZES

> Task :react-native-worklets:configureCMakeDebug[x86]
C/C++: CMake Warning:
C/C++:   Manually-specified variables were not used by the project:
C/C++:     ANDROID_SUPPORT_FLEXIBLE_PAGE_SIZES

> Task :react-native-screens:buildCMakeDebug[arm64-v8a]
> Task :expo-modules-core:compileDebugKotlin
> Task :expo-modules-core:buildCMakeDebug[arm64-v8a]

> Task :react-native-gesture-handler:compileDebugKotlin
w: file:///C:/Users/Michaela%20Bandasan/ContraceptIQ-App/mobile-app/node_modules/react-native-gesture-handler/android/src/main/java/com/swmansion/gesturehandler/react/RNGestureHandlerRootView.kt:41:43 The corresponding parameter in the supertype 'ReactViewGroup' is named 'ev'. This may cause problems when calling this function with named arguments.

> Task :react-native-gesture-handler:compileDebugJavaWithJavac
> Task :react-native-gesture-handler:processDebugJavaRes
> Task :react-native-gesture-handler:bundleLibRuntimeToJarDebug
> Task :react-native-gesture-handler:bundleLibRuntimeToDirDebug
> Task :react-native-gesture-handler:bundleLibCompileToJarDebug

> Task :react-native-worklets:configureCMakeDebug[x86_64]
C/C++: CMake Warning:
C/C++:   Manually-specified variables were not used by the project:
C/C++:     ANDROID_SUPPORT_FLEXIBLE_PAGE_SIZES

> Task :react-native-worklets:generateJsonModelDebug
> Task :react-native-worklets:prefabDebugConfigurePackage
> Task :react-native-reanimated:configureCMakeDebug[arm64-v8a]
> Task :react-native-worklets:buildCMakeDebug[arm64-v8a][worklets]

> Task :expo-modules-core:compileDebugKotlin
w: file:///C:/Users/Michaela%20Bandasan/ContraceptIQ-App/mobile-app/node_modules/expo-modules-core/android/src/main/java/expo/modules/adapters/react/apploader/RNHeadlessAppLoader.kt:48:87 'val reactNativeHost: ReactNativeHost' is deprecated. You should not use ReactNativeHost directly in the New Architecture. Use ReactHost instead.
w: file:///C:/Users/Michaela%20Bandasan/ContraceptIQ-App/mobile-app/node_modules/expo-modules-core/android/src/main/java/expo/modules/adapters/react/apploader/RNHeadlessAppLoader.kt:91:85 'val reactNativeHost: ReactNativeHost' is deprecated. You should not use ReactNativeHost directly in the New Architecture. Use ReactHost instead.
w: file:///C:/Users/Michaela%20Bandasan/ContraceptIQ-App/mobile-app/node_modules/expo-modules-core/android/src/main/java/expo/modules/adapters/react/apploader/RNHeadlessAppLoader.kt:120:83 'val reactNativeHost: ReactNativeHost' is deprecated. You should not use ReactNativeHost directly in the New Architecture. Use ReactHost instead.
w: file:///C:/Users/Michaela%20Bandasan/ContraceptIQ-App/mobile-app/node_modules/expo-modules-core/android/src/main/java/expo/modules/apploader/AppLoaderProvider.kt:34:52 Unchecked cast of 'Class<*>!' to 'Class<out HeadlessAppLoader>'.
w: file:///C:/Users/Michaela%20Bandasan/ContraceptIQ-App/mobile-app/node_modules/expo-modules-core/android/src/main/java/expo/modules/kotlin/AppContext.kt:30:8 'typealias ErrorManagerModule = JSLoggerModule' is deprecated. Use JSLoggerModule instead.
w: file:///C:/Users/Michaela%20Bandasan/ContraceptIQ-App/mobile-app/node_modules/expo-modules-core/android/src/main/java/expo/modules/kotlin/AppContext.kt:253:21 'typealias ErrorManagerModule = JSLoggerModule' is deprecated. Use JSLoggerModule instead.
w: file:///C:/Users/Michaela%20Bandasan/ContraceptIQ-App/mobile-app/node_modules/expo-modules-core/android/src/main/java/expo/modules/kotlin/AppContext.kt:343:21 'val DEFAULT: Int' is deprecated. UIManagerType.DEFAULT will be deleted in the next release of React Native. Use [LEGACY] instead.
w: file:///C:/Users/Michaela%20Bandasan/ContraceptIQ-App/mobile-app/node_modules/expo-modules-core/android/src/main/java/expo/modules/kotlin/defaultmodules/NativeModulesProxyModule.kt:16:5 'fun Constants(legacyConstantsProvider: () -> Map<String, Any?>): Unit' is deprecated. Use `Constant` or `Property` instead.
w: file:///C:/Users/Michaela%20Bandasan/ContraceptIQ-App/mobile-app/node_modules/expo-modules-core/android/src/main/java/expo/modules/kotlin/jni/PromiseImpl.kt:65:51 'val errorManager: JSLoggerModule?' is deprecated. Use AppContext.jsLogger instead.
w: file:///C:/Users/Michaela%20Bandasan/ContraceptIQ-App/mobile-app/node_modules/expo-modules-core/android/src/main/java/expo/modules/kotlin/jni/PromiseImpl.kt:69:22 'fun reportExceptionToLogBox(codedException: CodedException): Unit' is deprecated. Use appContext.jsLogger.error(...) instead.
w: file:///C:/Users/Michaela%20Bandasan/ContraceptIQ-App/mobile-app/node_modules/expo-modules-core/android/src/main/java/expo/modules/kotlin/views/ViewDefinitionBuilder.kt:464:16 'val errorManager: JSLoggerModule?' is deprecated. Use AppContext.jsLogger instead.
w: file:///C:/Users/Michaela%20Bandasan/ContraceptIQ-App/mobile-app/node_modules/expo-modules-core/android/src/main/java/expo/modules/kotlin/views/ViewDefinitionBuilder.kt:464:30 'fun reportExceptionToLogBox(codedException: CodedException): Unit' is deprecated. Use appContext.jsLogger.error(...) instead.
w: file:///C:/Users/Michaela%20Bandasan/ContraceptIQ-App/mobile-app/node_modules/expo-modules-core/android/src/main/java/expo/modules/kotlin/views/ViewManagerDefinition.kt:41:16 'val errorManager: JSLoggerModule?' is deprecated. Use AppContext.jsLogger instead.
w: file:///C:/Users/Michaela%20Bandasan/ContraceptIQ-App/mobile-app/node_modules/expo-modules-core/android/src/main/java/expo/modules/kotlin/views/ViewManagerDefinition.kt:41:30 'fun reportExceptionToLogBox(codedException: CodedException): Unit' is deprecated. Use appContext.jsLogger.error(...) instead.

> Task :expo-modules-core:buildCMakeDebug[arm64-v8a]
C/C++: ninja: Entering directory `C:\Users\Michaela Bandasan\ContraceptIQ-App\mobile-app\node_modules\expo-modules-core\android\.cxx\Debug\48575t29\arm64-v8a'
C/C++: In file included from C:/Users/Michaela Bandasan/ContraceptIQ-App/mobile-app/node_modules/expo-modules-core/common/cpp/fabric/ExpoViewProps.cpp:4:
C/C++: In file included from C:/Users/Michaela Bandasan/ContraceptIQ-App/mobile-app/node_modules/react-native/ReactCommon/react/renderer/core/propsConversions.h:15:
C/C++: C:/Users/Michaela Bandasan/ContraceptIQ-App/mobile-app/node_modules/react-native/ReactCommon/react/renderer/core/graphicsConversions.h:80:14: error: no member named 'format' in namespace 'std'; did you mean 'folly::format'?
C/C++:       return std::format("{}%", dimension.value);
C/C++:              ^~~~~~~~~~~
C/C++:              folly::format
C/C++: C:/Users/Michaela Bandasan/.gradle/caches/8.14.3/transforms/80104bb6e704adcf5f2e0c7d97f0d5f7/transformed/react-android-0.81.4-debug/prefab/modules/reactnative/include/folly/Format.h:291:1: note: 'folly::format' declared here
C/C++: format(StringPiece fmt, Args&&... args) {
C/C++: ^
C/C++: In file included from C:/Users/Michaela Bandasan/ContraceptIQ-App/mobile-app/node_modules/expo-modules-core/common/cpp/fabric/ExpoViewProps.cpp:4:
C/C++: In file included from C:/Users/Michaela Bandasan/ContraceptIQ-App/mobile-app/node_modules/react-native/ReactCommon/react/renderer/core/propsConversions.h:15:
C/C++: C:/Users/Michaela Bandasan/ContraceptIQ-App/mobile-app/node_modules/react-native/ReactCommon/react/renderer/core/graphicsConversions.h:80:14: error: no viable conversion from returned value of type 'Formatter<false, const float &>' to function return type 'folly::dynamic'
C/C++:       return std::format("{}%", dimension.value);
C/C++:              ^~~~~~~~~~~~~~~~~~~~~~~~~~~~~~~~~~~
C/C++: C:/Users/Michaela Bandasan/.gradle/caches/8.14.3/transforms/80104bb6e704adcf5f2e0c7d97f0d5f7/transformed/react-android-0.81.4-debug/prefab/modules/reactnative/include/folly/json/dynamic.h:238:18: note: candidate constructor not viable: no known conversion from 'Formatter<false, const float &>' to 'const ObjectMaker &' for 1st argument
C/C++:   /* implicit */ dynamic(ObjectMaker const&) = delete;
C/C++:                  ^
C/C++: C:/Users/Michaela Bandasan/.gradle/caches/8.14.3/transforms/80104bb6e704adcf5f2e0c7d97f0d5f7/transformed/react-android-0.81.4-debug/prefab/modules/reactnative/include/folly/json/dynamic.h:289:3: note: candidate constructor not viable: no known conversion from 'Formatter<false, const float &>' to 'const dynamic &' for 1st argument
C/C++:   dynamic(dynamic const&);
C/C++:   ^
C/C++: C:/Users/Michaela Bandasan/.gradle/caches/8.14.3/transforms/80104bb6e704adcf5f2e0c7d97f0d5f7/transformed/react-android-0.81.4-debug/prefab/modules/reactnative/include/folly/json/dynamic.h:290:3: note: candidate constructor not viable: no known conversion from 'Formatter<false, const float &>' to 'dynamic &&' for 1st argument
C/C++:   dynamic(dynamic&&) noexcept;
C/C++:   ^
C/C++: C:/Users/Michaela Bandasan/.gradle/caches/8.14.3/transforms/80104bb6e704adcf5f2e0c7d97f0d5f7/transformed/react-android-0.81.4-debug/prefab/modules/reactnative/include/folly/json/dynamic-inl.h:321:17: note: candidate constructor not viable: no known conversion from 'Formatter<false, const float &>' to 'std::nullptr_t' for 1st argument
C/C++: inline dynamic::dynamic(std::nullptr_t) : type_(NULLT) {}
C/C++:                 ^
C/C++: C:/Users/Michaela Bandasan/.gradle/caches/8.14.3/transforms/80104bb6e704adcf5f2e0c7d97f0d5f7/transformed/react-android-0.81.4-debug/prefab/modules/reactnative/include/folly/json/dynamic-inl.h:323:17: note: candidate constructor not viable: no known conversion from 'Formatter<false, const float &>' to 'void (*)(EmptyArrayTag)' for 1st argument
C/C++: inline dynamic::dynamic(void (*)(EmptyArrayTag)) : type_(ARRAY) {
C/C++:                 ^
C/C++: C:/Users/Michaela Bandasan/.gradle/caches/8.14.3/transforms/80104bb6e704adcf5f2e0c7d97f0d5f7/transformed/react-android-0.81.4-debug/prefab/modules/reactnative/include/folly/json/dynamic-inl.h:327:17: note: candidate constructor not viable: no known conversion from 'Formatter<false, const float &>' to 'ObjectMaker (*)()' for 1st argument
C/C++: inline dynamic::dynamic(ObjectMaker (*)()) : type_(OBJECT) {
C/C++:                 ^
C/C++: C:/Users/Michaela Bandasan/.gradle/caches/8.14.3/transforms/80104bb6e704adcf5f2e0c7d97f0d5f7/transformed/react-android-0.81.4-debug/prefab/modules/reactnative/include/folly/json/dynamic-inl.h:331:17: note: candidate constructor not viable: no known conversion from 'Formatter<false, const float &>' to 'const char *' for 1st argument
C/C++: inline dynamic::dynamic(char const* s) : type_(STRING) {
C/C++:                 ^
C/C++: C:/Users/Michaela Bandasan/.gradle/caches/8.14.3/transforms/80104bb6e704adcf5f2e0c7d97f0d5f7/transformed/react-android-0.81.4-debug/prefab/modules/reactnative/include/folly/json/dynamic-inl.h:335:17: note: candidate constructor not viable: no known conversion from 'Formatter<false, const float &>' to 'std::string' (aka 'basic_string<char>') for 1st argument
C/C++: inline dynamic::dynamic(std::string s) : type_(STRING) {
C/C++:                 ^
C/C++: C:/Users/Michaela Bandasan/.gradle/caches/8.14.3/transforms/80104bb6e704adcf5f2e0c7d97f0d5f7/transformed/react-android-0.81.4-debug/prefab/modules/reactnative/include/folly/json/dynamic-inl.h:344:17: note: candidate constructor not viable: no known conversion from 'Formatter<false, const float &>' to 'ObjectMaker &&' for 1st argument
C/C++: inline dynamic::dynamic(ObjectMaker&& maker) : type_(OBJECT) {
C/C++:                 ^
C/C++: C:/Users/Michaela Bandasan/.gradle/caches/8.14.3/transforms/80104bb6e704adcf5f2e0c7d97f0d5f7/transformed/react-android-0.81.4-debug/prefab/modules/reactnative/include/folly/json/dynamic-inl.h:376:17: note: candidate constructor not viable: no known conversion from 'Formatter<false, const float &>' to 'std::vector<bool>::reference' (aka '__bit_reference<vector<bool, allocator<bool>>>') for 1st argument
C/C++: inline dynamic::dynamic(std::vector<bool>::reference b)
C/C++:                 ^
C/C++: C:/Users/Michaela Bandasan/.gradle/caches/8.14.3/transforms/80104bb6e704adcf5f2e0c7d97f0d5f7/transformed/react-android-0.81.4-debug/prefab/modules/reactnative/include/folly/json/dynamic-inl.h:378:17: note: candidate constructor not viable: no known conversion from 'Formatter<false, const float &>' to 'VectorBoolConstRefCtorType' (aka 'std::__bit_const_reference<std::vector<bool>>') for 1st argument
C/C++: inline dynamic::dynamic(VectorBoolConstRefCtorType b)
C/C++:                 ^
C/C++: C:/Users/Michaela Bandasan/.gradle/caches/8.14.3/transforms/80104bb6e704adcf5f2e0c7d97f0d5f7/transformed/react-android-0.81.4-debug/prefab/modules/reactnative/include/folly/json/dynamic-inl.h:340:17: note: candidate template ignored: requirement 'is_detected_v<folly::dynamic_detail::detect_construct_string, folly::Formatter<false, const float &>>' was not satisfied [with Stringish = Formatter<false, const float &>]
C/C++: inline dynamic::dynamic(Stringish&& s) : type_(STRING) {
C/C++:                 ^
C/C++: C:/Users/Michaela Bandasan/.gradle/caches/8.14.3/transforms/80104bb6e704adcf5f2e0c7d97f0d5f7/transformed/react-android-0.81.4-debug/prefab/modules/reactnative/include/folly/json/dynamic-inl.h:384:10: note: candidate template ignored: substitution failure [with T = Formatter<false, const float &>]: implicit instantiation of undefined template 'folly::dynamic::NumericTypeHelper<folly::Formatter<false, const float &>>'
C/C++: dynamic::dynamic(T t) {
C/C++:          ^
C/C++: C:/Users/Michaela Bandasan/.gradle/caches/8.14.3/transforms/80104bb6e704adcf5f2e0c7d97f0d5f7/transformed/react-android-0.81.4-debug/prefab/modules/reactnative/include/folly/json/dynamic.h:1115:12: note: explicit constructor is not a candidate
C/C++:   explicit dynamic(Array&& r);
C/C++:            ^
C/C++: 2 errors generated.

> Task :expo-modules-core:buildCMakeDebug[arm64-v8a] FAILED
> Task :app:processDebugResources

> Task :react-native-screens:configureCMakeDebug[armeabi-v7a]
C/C++: CMake Warning:
C/C++:   Manually-specified variables were not used by the project:
C/C++:     ANDROID_SUPPORT_FLEXIBLE_PAGE_SIZES

> Task :react-native-reanimated:configureCMakeDebug[arm64-v8a]
C/C++: CMake Warning:
C/C++:   Manually-specified variables were not used by the project:
C/C++:     ANDROID_SUPPORT_FLEXIBLE_PAGE_SIZES

> Task :react-native-screens:compileDebugKotlin
w: file:///C:/Users/Michaela%20Bandasan/ContraceptIQ-App/mobile-app/node_modules/react-native-screens/android/src/main/java/com/swmansion/rnscreens/RNScreensPackage.kt:56:9 The corresponding parameter in the supertype 'BaseReactPackage' is named 'name'. This may cause problems when calling this function with named arguments.
w: file:///C:/Users/Michaela%20Bandasan/ContraceptIQ-App/mobile-app/node_modules/react-native-screens/android/src/main/java/com/swmansion/rnscreens/RNScreensPackage.kt:57:9 The corresponding parameter in the supertype 'BaseReactPackage' is named 'reactContext'. This may cause problems when calling this function with named arguments.
w: file:///C:/Users/Michaela%20Bandasan/ContraceptIQ-App/mobile-app/node_modules/react-native-screens/android/src/main/java/com/swmansion/rnscreens/RNScreensPackage.kt:70:17 'constructor(name: String, className: String, canOverrideExistingModule: Boolean, needsEagerInit: Boolean, hasConstants: Boolean, isCxxModule: Boolean, isTurboModule: Boolean): ReactModuleInfo' is deprecated. This constructor is deprecated and will be removed in the future. Use ReactModuleInfo(String, String, boolean, boolean, boolean, boolean)].
w: file:///C:/Users/Michaela%20Bandasan/ContraceptIQ-App/mobile-app/node_modules/react-native-screens/android/src/main/java/com/swmansion/rnscreens/Screen.kt:48:77 Unchecked cast of '(CoordinatorLayout.Behavior<View!>?..CoordinatorLayout.Behavior<*>?)' to 'BottomSheetBehavior<Screen>'.
w: file:///C:/Users/Michaela%20Bandasan/ContraceptIQ-App/mobile-app/node_modules/react-native-screens/android/src/main/java/com/swmansion/rnscreens/Screen.kt:383:36 'fun setTranslucent(screen: Screen, activity: Activity?, context: ReactContext?): Unit' is deprecated. For apps targeting SDK 35 or above this prop has no effect because edge-to-edge is enabled by default and the status bar is always translucent.
w: file:///C:/Users/Michaela%20Bandasan/ContraceptIQ-App/mobile-app/node_modules/react-native-screens/android/src/main/java/com/swmansion/rnscreens/Screen.kt:402:36 'fun setColor(screen: Screen, activity: Activity?, context: ReactContext?): Unit' is deprecated. For apps targeting SDK 35 or above this prop has no effect because edge-to-edge is enabled by default and the status bar is always translucent.
w: file:///C:/Users/Michaela%20Bandasan/ContraceptIQ-App/mobile-app/node_modules/react-native-screens/android/src/main/java/com/swmansion/rnscreens/Screen.kt:420:36 'fun setNavigationBarColor(screen: Screen, activity: Activity?): Unit' is deprecated. For all apps targeting Android SDK 35 or above edge-to-edge is enabled by default.
w: file:///C:/Users/Michaela%20Bandasan/ContraceptIQ-App/mobile-app/node_modules/react-native-screens/android/src/main/java/com/swmansion/rnscreens/Screen.kt:437:36 'fun setNavigationBarTranslucent(screen: Screen, activity: Activity?): Unit' is deprecated. For all apps targeting Android SDK 35 or above edge-to-edge is enabled by default.
w: file:///C:/Users/Michaela%20Bandasan/ContraceptIQ-App/mobile-app/node_modules/react-native-screens/android/src/main/java/com/swmansion/rnscreens/ScreenStackFragment.kt:217:31 'var targetElevation: Float' is deprecated. Deprecated in Java.
w: file:///C:/Users/Michaela%20Bandasan/ContraceptIQ-App/mobile-app/node_modules/react-native-screens/android/src/main/java/com/swmansion/rnscreens/ScreenStackFragment.kt:220:13 'fun setHasOptionsMenu(p0: Boolean): Unit' is deprecated. Deprecated in Java.
w: file:///C:/Users/Michaela%20Bandasan/ContraceptIQ-App/mobile-app/node_modules/react-native-screens/android/src/main/java/com/swmansion/rnscreens/ScreenStackFragment.kt:397:18 This declaration overrides a deprecated member but is not marked as deprecated itself. Add the '@Deprecated' annotation or suppress the diagnostic.
w: file:///C:/Users/Michaela%20Bandasan/ContraceptIQ-App/mobile-app/node_modules/react-native-screens/android/src/main/java/com/swmansion/rnscreens/ScreenStackFragment.kt:404:22 'fun onPrepareOptionsMenu(p0: Menu): Unit' is deprecated. Deprecated in Java.
w: file:///C:/Users/Michaela%20Bandasan/ContraceptIQ-App/mobile-app/node_modules/react-native-screens/android/src/main/java/com/swmansion/rnscreens/ScreenStackFragment.kt:407:18 This declaration overrides a deprecated member but is not marked as deprecated itself. Add the '@Deprecated' annotation or suppress the diagnostic.
w: file:///C:/Users/Michaela%20Bandasan/ContraceptIQ-App/mobile-app/node_modules/react-native-screens/android/src/main/java/com/swmansion/rnscreens/ScreenStackFragment.kt:412:22 'fun onCreateOptionsMenu(p0: Menu, p1: MenuInflater): Unit' is deprecated. Deprecated in Java.
w: file:///C:/Users/Michaela%20Bandasan/ContraceptIQ-App/mobile-app/node_modules/react-native-screens/android/src/main/java/com/swmansion/rnscreens/ScreenStackHeaderConfig.kt:435:18 'val reactNativeHost: ReactNativeHost' is deprecated. You should not use ReactNativeHost directly in the New Architecture. Use ReactHost instead.
w: file:///C:/Users/Michaela%20Bandasan/ContraceptIQ-App/mobile-app/node_modules/react-native-screens/android/src/main/java/com/swmansion/rnscreens/ScreenViewManager.kt:203:14 'var statusBarColor: Int?' is deprecated. For apps targeting SDK 35 or above this prop has no effect because edge-to-edge is enabled by default and the status bar is always translucent.
w: file:///C:/Users/Michaela%20Bandasan/ContraceptIQ-App/mobile-app/node_modules/react-native-screens/android/src/main/java/com/swmansion/rnscreens/ScreenViewManager.kt:220:14 'var isStatusBarTranslucent: Boolean?' is deprecated. For apps targeting SDK 35 or above this prop has no effect because edge-to-edge is enabled by default and the status bar is always translucent.
w: file:///C:/Users/Michaela%20Bandasan/ContraceptIQ-App/mobile-app/node_modules/react-native-screens/android/src/main/java/com/swmansion/rnscreens/ScreenViewManager.kt:237:14 'var navigationBarColor: Int?' is deprecated. For all apps targeting Android SDK 35 or above edge-to-edge is enabled by default.
w: file:///C:/Users/Michaela%20Bandasan/ContraceptIQ-App/mobile-app/node_modules/react-native-screens/android/src/main/java/com/swmansion/rnscreens/ScreenViewManager.kt:246:14 'var isNavigationBarTranslucent: Boolean?' is deprecated. For all apps targeting Android SDK 35 or above edge-to-edge is enabled by default.
w: file:///C:/Users/Michaela%20Bandasan/ContraceptIQ-App/mobile-app/node_modules/react-native-screens/android/src/main/java/com/swmansion/rnscreens/ScreenWindowTraits.kt:55:42 'fun replaceSystemWindowInsets(p0: Int, p1: Int, p2: Int, p3: Int): WindowInsetsCompat' is deprecated. Deprecated in Java.
w: file:///C:/Users/Michaela%20Bandasan/ContraceptIQ-App/mobile-app/node_modules/react-native-screens/android/src/main/java/com/swmansion/rnscreens/ScreenWindowTraits.kt:56:39 'val systemWindowInsetLeft: Int' is deprecated. Deprecated in Java.
w: file:///C:/Users/Michaela%20Bandasan/ContraceptIQ-App/mobile-app/node_modules/react-native-screens/android/src/main/java/com/swmansion/rnscreens/ScreenWindowTraits.kt:58:39 'val systemWindowInsetRight: Int' is deprecated. Deprecated in Java.
w: file:///C:/Users/Michaela%20Bandasan/ContraceptIQ-App/mobile-app/node_modules/react-native-screens/android/src/main/java/com/swmansion/rnscreens/ScreenWindowTraits.kt:59:39 'val systemWindowInsetBottom: Int' is deprecated. Deprecated in Java.
w: file:///C:/Users/Michaela%20Bandasan/ContraceptIQ-App/mobile-app/node_modules/react-native-screens/android/src/main/java/com/swmansion/rnscreens/ScreenWindowTraits.kt:102:53 'var statusBarColor: Int' is deprecated. Deprecated in Java.
w: file:///C:/Users/Michaela%20Bandasan/ContraceptIQ-App/mobile-app/node_modules/react-native-screens/android/src/main/java/com/swmansion/rnscreens/ScreenWindowTraits.kt:106:37 'var statusBarColor: Int?' is deprecated. For apps targeting SDK 35 or above this prop has no effect because edge-to-edge is enabled by default and the status bar is always translucent.
w: file:///C:/Users/Michaela%20Bandasan/ContraceptIQ-App/mobile-app/node_modules/react-native-screens/android/src/main/java/com/swmansion/rnscreens/ScreenWindowTraits.kt:113:48 'var statusBarColor: Int' is deprecated. Deprecated in Java.
w: file:///C:/Users/Michaela%20Bandasan/ContraceptIQ-App/mobile-app/node_modules/react-native-screens/android/src/main/java/com/swmansion/rnscreens/ScreenWindowTraits.kt:116:32 'var statusBarColor: Int' is deprecated. Deprecated in Java.
w: file:///C:/Users/Michaela%20Bandasan/ContraceptIQ-App/mobile-app/node_modules/react-native-screens/android/src/main/java/com/swmansion/rnscreens/ScreenWindowTraits.kt:162:49 'var isStatusBarTranslucent: Boolean?' is deprecated. For apps targeting SDK 35 or above this prop has no effect because edge-to-edge is enabled by default and the status bar is always translucent.
w: file:///C:/Users/Michaela%20Bandasan/ContraceptIQ-App/mobile-app/node_modules/react-native-screens/android/src/main/java/com/swmansion/rnscreens/ScreenWindowTraits.kt:218:43 'var navigationBarColor: Int?' is deprecated. For all apps targeting Android SDK 35 or above edge-to-edge is enabled by default.
w: file:///C:/Users/Michaela%20Bandasan/ContraceptIQ-App/mobile-app/node_modules/react-native-screens/android/src/main/java/com/swmansion/rnscreens/ScreenWindowTraits.kt:218:72 'var navigationBarColor: Int' is deprecated. Deprecated in Java.
w: file:///C:/Users/Michaela%20Bandasan/ContraceptIQ-App/mobile-app/node_modules/react-native-screens/android/src/main/java/com/swmansion/rnscreens/ScreenWindowTraits.kt:224:16 'var navigationBarColor: Int' is deprecated. Deprecated in Java.
w: file:///C:/Users/Michaela%20Bandasan/ContraceptIQ-App/mobile-app/node_modules/react-native-screens/android/src/main/java/com/swmansion/rnscreens/ScreenWindowTraits.kt:241:55 'var isNavigationBarTranslucent: Boolean?' is deprecated. For all apps targeting Android SDK 35 or above edge-to-edge is enabled by default.
w: file:///C:/Users/Michaela%20Bandasan/ContraceptIQ-App/mobile-app/node_modules/react-native-screens/android/src/main/java/com/swmansion/rnscreens/ScreenWindowTraits.kt:283:13 'fun setColor(screen: Screen, activity: Activity?, context: ReactContext?): Unit' is deprecated. For apps targeting SDK 35 or above this prop has no effect because edge-to-edge is enabled by default and the status bar is always translucent.
w: file:///C:/Users/Michaela%20Bandasan/ContraceptIQ-App/mobile-app/node_modules/react-native-screens/android/src/main/java/com/swmansion/rnscreens/ScreenWindowTraits.kt:285:13 'fun setTranslucent(screen: Screen, activity: Activity?, context: ReactContext?): Unit' is deprecated. For apps targeting SDK 35 or above this prop has no effect because edge-to-edge is enabled by default and the status bar is always translucent.
w: file:///C:/Users/Michaela%20Bandasan/ContraceptIQ-App/mobile-app/node_modules/react-native-screens/android/src/main/java/com/swmansion/rnscreens/ScreenWindowTraits.kt:289:13 'fun setNavigationBarColor(screen: Screen, activity: Activity?): Unit' is deprecated. For all apps targeting Android SDK 35 or above edge-to-edge is enabled by default.
w: file:///C:/Users/Michaela%20Bandasan/ContraceptIQ-App/mobile-app/node_modules/react-native-screens/android/src/main/java/com/swmansion/rnscreens/ScreenWindowTraits.kt:290:13 'fun setNavigationBarTranslucent(screen: Screen, activity: Activity?): Unit' is deprecated. For all apps targeting Android SDK 35 or above edge-to-edge is enabled by default.
w: file:///C:/Users/Michaela%20Bandasan/ContraceptIQ-App/mobile-app/node_modules/react-native-screens/android/src/main/java/com/swmansion/rnscreens/ScreenWindowTraits.kt:354:42 'var statusBarColor: Int?' is deprecated. For apps targeting SDK 35 or above this prop has no effect because edge-to-edge is enabled by default and the status bar is always translucent.
w: file:///C:/Users/Michaela%20Bandasan/ContraceptIQ-App/mobile-app/node_modules/react-native-screens/android/src/main/java/com/swmansion/rnscreens/ScreenWindowTraits.kt:356:48 'var isStatusBarTranslucent: Boolean?' is deprecated. For apps targeting SDK 35 or above this prop has no effect because edge-to-edge is enabled by default and the status bar is always translucent.
w: file:///C:/Users/Michaela%20Bandasan/ContraceptIQ-App/mobile-app/node_modules/react-native-screens/android/src/main/java/com/swmansion/rnscreens/ScreenWindowTraits.kt:359:57 'var navigationBarColor: Int?' is deprecated. For all apps targeting Android SDK 35 or above edge-to-edge is enabled by default.
w: file:///C:/Users/Michaela%20Bandasan/ContraceptIQ-App/mobile-app/node_modules/react-native-screens/android/src/main/java/com/swmansion/rnscreens/ScreenWindowTraits.kt:360:63 'var isNavigationBarTranslucent: Boolean?' is deprecated. For all apps targeting Android SDK 35 or above edge-to-edge is enabled by default.
w: file:///C:/Users/Michaela%20Bandasan/ContraceptIQ-App/mobile-app/node_modules/react-native-screens/android/src/main/java/com/swmansion/rnscreens/bottomsheet/BottomSheetDialogRootView.kt:7:8 'object ReactFeatureFlags : Any' is deprecated. Use com.facebook.react.internal.featureflags.ReactNativeFeatureFlags instead.
w: file:///C:/Users/Michaela%20Bandasan/ContraceptIQ-App/mobile-app/node_modules/react-native-screens/android/src/main/java/com/swmansion/rnscreens/bottomsheet/BottomSheetDialogRootView.kt:25:13 'object ReactFeatureFlags : Any' is deprecated. Use com.facebook.react.internal.featureflags.ReactNativeFeatureFlags instead.
w: file:///C:/Users/Michaela%20Bandasan/ContraceptIQ-App/mobile-app/node_modules/react-native-screens/android/src/main/java/com/swmansion/rnscreens/bottomsheet/BottomSheetDialogRootView.kt:32:9 The corresponding parameter in the supertype 'ReactViewGroup' is named 'left'. This may cause problems when calling this function with named arguments.
w: file:///C:/Users/Michaela%20Bandasan/ContraceptIQ-App/mobile-app/node_modules/react-native-screens/android/src/main/java/com/swmansion/rnscreens/bottomsheet/BottomSheetDialogRootView.kt:33:9 The corresponding parameter in the supertype 'ReactViewGroup' is named 'top'. This may cause problems when calling this function with named arguments.
w: file:///C:/Users/Michaela%20Bandasan/ContraceptIQ-App/mobile-app/node_modules/react-native-screens/android/src/main/java/com/swmansion/rnscreens/bottomsheet/BottomSheetDialogRootView.kt:34:9 The corresponding parameter in the supertype 'ReactViewGroup' is named 'right'. This may cause problems when calling this function with named arguments.
w: file:///C:/Users/Michaela%20Bandasan/ContraceptIQ-App/mobile-app/node_modules/react-native-screens/android/src/main/java/com/swmansion/rnscreens/bottomsheet/BottomSheetDialogRootView.kt:35:9 The corresponding parameter in the supertype 'ReactViewGroup' is named 'bottom'. This may cause problems when calling this function with named arguments.
w: file:///C:/Users/Michaela%20Bandasan/ContraceptIQ-App/mobile-app/node_modules/react-native-screens/android/src/main/java/com/swmansion/rnscreens/bottomsheet/BottomSheetDialogRootView.kt:71:9 The corresponding parameter in the supertype 'RootView' is named 'childView'. This may cause problems when calling this function with named arguments.
w: file:///C:/Users/Michaela%20Bandasan/ContraceptIQ-App/mobile-app/node_modules/react-native-screens/android/src/main/java/com/swmansion/rnscreens/bottomsheet/BottomSheetDialogRootView.kt:72:9 The corresponding parameter in the supertype 'RootView' is named 'ev'. This may cause problems when calling this function with named arguments.
w: file:///C:/Users/Michaela%20Bandasan/ContraceptIQ-App/mobile-app/node_modules/react-native-screens/android/src/main/java/com/swmansion/rnscreens/bottomsheet/BottomSheetDialogRootView.kt:79:46 The corresponding parameter in the supertype 'RootView' is named 'ev'. This may cause problems when calling this function with named arguments.
w: file:///C:/Users/Michaela%20Bandasan/ContraceptIQ-App/mobile-app/node_modules/react-native-screens/android/src/main/java/com/swmansion/rnscreens/bottomsheet/BottomSheetDialogRootView.kt:83:9 The corresponding parameter in the supertype 'RootView' is named 'childView'. This may cause problems when calling this function with named arguments.
w: file:///C:/Users/Michaela%20Bandasan/ContraceptIQ-App/mobile-app/node_modules/react-native-screens/android/src/main/java/com/swmansion/rnscreens/bottomsheet/BottomSheetDialogRootView.kt:84:9 The corresponding parameter in the supertype 'RootView' is named 'ev'. This may cause problems when calling this function with named arguments.
w: file:///C:/Users/Michaela%20Bandasan/ContraceptIQ-App/mobile-app/node_modules/react-native-screens/android/src/main/java/com/swmansion/rnscreens/bottomsheet/BottomSheetDialogRootView.kt:95:34 The corresponding parameter in the supertype 'RootView' is named 't'. This may cause problems when calling this function with named arguments.
w: file:///C:/Users/Michaela%20Bandasan/ContraceptIQ-App/mobile-app/node_modules/react-native-screens/android/src/main/java/com/swmansion/rnscreens/bottomsheet/DimmingView.kt:63:9 The corresponding parameter in the supertype 'ReactCompoundView' is named 'touchX'. This may cause problems when calling this function with named arguments.
w: file:///C:/Users/Michaela%20Bandasan/ContraceptIQ-App/mobile-app/node_modules/react-native-screens/android/src/main/java/com/swmansion/rnscreens/bottomsheet/DimmingView.kt:64:9 The corresponding parameter in the supertype 'ReactCompoundView' is named 'touchY'. This may cause problems when calling this function with named arguments.
w: file:///C:/Users/Michaela%20Bandasan/ContraceptIQ-App/mobile-app/node_modules/react-native-screens/android/src/main/java/com/swmansion/rnscreens/bottomsheet/DimmingView.kt:68:9 The corresponding parameter in the supertype 'ReactCompoundViewGroup' is named 'touchX'. This may cause problems when calling this function with named arguments.
w: file:///C:/Users/Michaela%20Bandasan/ContraceptIQ-App/mobile-app/node_modules/react-native-screens/android/src/main/java/com/swmansion/rnscreens/bottomsheet/DimmingView.kt:69:9 The corresponding parameter in the supertype 'ReactCompoundViewGroup' is named 'touchY'. This may cause problems when calling this function with named arguments.
w: file:///C:/Users/Michaela%20Bandasan/ContraceptIQ-App/mobile-app/node_modules/react-native-screens/android/src/main/java/com/swmansion/rnscreens/gamma/tabs/TabsHostViewManager.kt:37:9 The corresponding parameter in the supertype 'TabsHostViewManager' is named 'view'. This may cause problems when calling this function with named arguments.

[Incubating] Problems report is available at: file:///C:/Users/Michaela%20Bandasan/ContraceptIQ-App/mobile-app/android/build/reports/problems/problems-report.html

FAILURE: Build failed with an exception.

* What went wrong:
Execution failed for task ':expo-modules-core:buildCMakeDebug[arm64-v8a]'.
> com.android.ide.common.process.ProcessException: ninja: Entering directory `C:\Users\Michaela Bandasan\ContraceptIQ-App\mobile-app\node_modules\expo-modules-core\android\.cxx\Debug\48575t29\arm64-v8a'
  [1/49] Building CXX object CMakeFiles/expo-modules-core.dir/cmake_pch.hxx.pch
  [2/49] Building CXX object src/fabric/CMakeFiles/fabric.dir/cmake_pch.hxx.pch
  [3/49] Building CXX object CMakeFiles/expo-modules-core.dir/a4fd3430eea28b1458bfefecf9ec9d84/node_modules/expo-modules-core/common/cpp/LazyObject.cpp.o
  [4/49] Building CXX object CMakeFiles/expo-modules-core.dir/11e90138a67ffbb40a6a5214f261dd20/expo-modules-core/common/cpp/ObjectDeallocator.cpp.o
  [5/49] Building CXX object CMakeFiles/expo-modules-core.dir/11e90138a67ffbb40a6a5214f261dd20/expo-modules-core/common/cpp/NativeModule.cpp.o
  [6/49] Building CXX object CMakeFiles/expo-modules-core.dir/a4fd3430eea28b1458bfefecf9ec9d84/node_modules/expo-modules-core/common/cpp/SharedRef.cpp.o
  [7/49] Building CXX object CMakeFiles/expo-modules-core.dir/src/main/cpp/JNIDeallocator.cpp.o
  [8/49] Building CXX object CMakeFiles/expo-modules-core.dir/11e90138a67ffbb40a6a5214f261dd20/expo-modules-core/common/cpp/SharedObject.cpp.o
  [9/49] Building CXX object CMakeFiles/expo-modules-core.dir/a4fd3430eea28b1458bfefecf9ec9d84/node_modules/expo-modules-core/common/cpp/TypedArray.cpp.o
  [10/49] Building CXX object CMakeFiles/expo-modules-core.dir/src/main/cpp/JNIFunctionBody.cpp.o
  [11/49] Building CXX object CMakeFiles/expo-modules-core.dir/a4fd3430eea28b1458bfefecf9ec9d84/node_modules/expo-modules-core/common/cpp/JSIUtils.cpp.o
  [12/49] Building CXX object CMakeFiles/expo-modules-core.dir/src/main/cpp/JSharedObject.cpp.o
  [13/49] Building CXX object CMakeFiles/expo-modules-core.dir/src/main/cpp/Exceptions.cpp.o
  [14/49] Building CXX object CMakeFiles/expo-modules-core.dir/src/main/cpp/JavaReferencesCache.cpp.o
  [15/49] Building CXX object CMakeFiles/expo-modules-core.dir/src/main/cpp/JSReferencesCache.cpp.o
  [16/49] Building CXX object CMakeFiles/expo-modules-core.dir/src/main/cpp/ExpoModulesHostObject.cpp.o
  [17/49] Building CXX object CMakeFiles/expo-modules-core.dir/11e90138a67ffbb40a6a5214f261dd20/expo-modules-core/common/cpp/EventEmitter.cpp.o
  [18/49] Building CXX object CMakeFiles/expo-modules-core.dir/src/main/cpp/JavaScriptRuntime.cpp.o
  [19/49] Building CXX object CMakeFiles/expo-modules-core.dir/src/main/cpp/JNIInjector.cpp.o
  [20/49] Building CXX object CMakeFiles/expo-modules-core.dir/src/main/cpp/JavaScriptFunction.cpp.o
  [21/49] Building CXX object CMakeFiles/expo-modules-core.dir/src/main/cpp/JavaScriptTypedArray.cpp.o
  [22/49] Building CXX object CMakeFiles/expo-modules-core.dir/src/main/cpp/JavaScriptModuleObject.cpp.o
  [23/49] Building CXX object CMakeFiles/expo-modules-core.dir/src/main/cpp/JNIUtils.cpp.o
  [24/49] Building CXX object CMakeFiles/expo-modules-core.dir/src/main/cpp/RuntimeHolder.cpp.o
  [25/49] Building CXX object CMakeFiles/expo-modules-core.dir/src/main/cpp/JavaScriptWeakObject.cpp.o
  [26/49] Building CXX object CMakeFiles/expo-modules-core.dir/src/main/cpp/JSIContext.cpp.o
  [27/49] Building CXX object CMakeFiles/expo-modules-core.dir/src/main/cpp/JavaScriptValue.cpp.o
  [28/49] Building CXX object CMakeFiles/expo-modules-core.dir/src/main/cpp/types/ExpectedType.cpp.o
  [29/49] Building CXX object CMakeFiles/expo-modules-core.dir/src/main/cpp/WeakRuntimeHolder.cpp.o
  [30/49] Building CXX object CMakeFiles/expo-modules-core.dir/src/main/cpp/types/AnyType.cpp.o
  [31/49] Building CXX object CMakeFiles/expo-modules-core.dir/src/main/cpp/JavaScriptObject.cpp.o
  [32/49] Building CXX object CMakeFiles/expo-modules-core.dir/src/main/cpp/MethodMetadata.cpp.o
  [33/49] Building CXX object CMakeFiles/expo-modules-core.dir/src/main/cpp/decorators/JSPropertiesDecorator.cpp.o
  [34/49] Building CXX object CMakeFiles/expo-modules-core.dir/src/main/cpp/decorators/JSFunctionsDecorator.cpp.o
  [35/49] Building CXX object CMakeFiles/expo-modules-core.dir/src/main/cpp/decorators/JSDecoratorsBridgingObject.cpp.o
  [36/49] Building CXX object CMakeFiles/expo-modules-core.dir/src/main/cpp/decorators/JSObjectDecorator.cpp.o
  [37/49] Building CXX object CMakeFiles/expo-modules-core.dir/src/main/cpp/types/FrontendConverter.cpp.o
  [38/49] Building CXX object src/fabric/CMakeFiles/fabric.dir/4ac87218a3403ced816944c78eb4502a/common/cpp/fabric/ExpoViewEventEmitter.cpp.o
  [39/49] Building CXX object CMakeFiles/expo-modules-core.dir/src/main/cpp/types/FrontendConverterProvider.cpp.o
  [40/49] Building CXX object CMakeFiles/expo-modules-core.dir/src/main/cpp/JavaCallback.cpp.o
  [41/49] Building CXX object CMakeFiles/expo-modules-core.dir/src/main/cpp/decorators/JSClassesDecorator.cpp.o
  [42/49] Building CXX object src/fabric/CMakeFiles/fabric.dir/11e90138a67ffbb40a6a5214f261dd20/expo-modules-core/common/cpp/fabric/ExpoViewProps.cpp.o
  FAILED: src/fabric/CMakeFiles/fabric.dir/11e90138a67ffbb40a6a5214f261dd20/expo-modules-core/common/cpp/fabric/ExpoViewProps.cpp.o 
  C:\Users\MICHAE~1\AppData\Local\Android\Sdk\ndk\261~1.109\TOOLCH~1\llvm\prebuilt\WINDOW~1\bin\CLANG_~1.EXE --target=aarch64-none-linux-android24 --sysroot="C:/Users/Michaela Bandasan/AppData/Local/Android/Sdk/ndk/26.1.10909125/toolchains/llvm/prebuilt/windows-x86_64/sysroot"  -I"C:/Users/Michaela Bandasan/ContraceptIQ-App/mobile-app/node_modules/react-native/ReactCommon" -I"C:/Users/Michaela Bandasan/ContraceptIQ-App/mobile-app/node_modules/expo-modules-core/android/../common/cpp/fabric" -I"C:/Users/Michaela Bandasan/.gradle/caches/8.14.3/transforms/80104bb6e704adcf5f2e0c7d97f0d5f7/transformed/react-android-0.81.4-debug/prefab/modules/reactnative/include/react/fabric" -isystem "C:/Users/Michaela Bandasan/.gradle/caches/8.14.3/transforms/cf87204a79df5808c3d52f935c0041b4/transformed/fbjni-0.7.0/prefab/modules/fbjni/include" -isystem "C:/Users/Michaela Bandasan/.gradle/caches/8.14.3/transforms/80104bb6e704adcf5f2e0c7d97f0d5f7/transformed/react-android-0.81.4-debug/prefab/modules/jsi/include" -isystem "C:/Users/Michaela Bandasan/.gradle/caches/8.14.3/transforms/80104bb6e704adcf5f2e0c7d97f0d5f7/transformed/react-android-0.81.4-debug/prefab/modules/reactnative/include" -g -DANDROID -fdata-sections -ffunction-sections -funwind-tables -fstack-protector-strong -no-canonical-prefixes -D_FORTIFY_SOURCE=2 -Wformat -Werror=format-security   -DREACT_NATIVE_TARGET_VERSION=81 -fno-limit-debug-info  -fPIC -std=c++20 -DFOLLY_NO_CONFIG=1 -DFOLLY_HAVE_CLOCK_GETTIME=1 -DFOLLY_USE_LIBCPP=1 -DFOLLY_CFG_NO_COROUTINES=1 -DFOLLY_MOBILE=1 -DFOLLY_HAVE_RECVMMSG=1 -DFOLLY_HAVE_PTHREAD=1 -DFOLLY_HAVE_XSI_STRERROR_R=1 -O2 -frtti -fexceptions -Wall -fstack-protector-all -DUSE_HERMES=0 -DUNIT_TEST=0 -DIS_NEW_ARCHITECTURE_ENABLED=1 -DRN_FABRIC_ENABLED=1 -DRN_SERIALIZABLE_STATE=1 -std=gnu++20 -Winvalid-pch -Xclang -include-pch -Xclang "C:/Users/Michaela Bandasan/ContraceptIQ-App/mobile-app/node_modules/expo-modules-core/android/.cxx/Debug/48575t29/arm64-v8a/src/fabric/CMakeFiles/fabric.dir/cmake_pch.hxx.pch" -Xclang -include -Xclang "C:/Users/Michaela Bandasan/ContraceptIQ-App/mobile-app/node_modules/expo-modules-core/android/.cxx/Debug/48575t29/arm64-v8a/src/fabric/CMakeFiles/fabric.dir/cmake_pch.hxx" -MD -MT src/fabric/CMakeFiles/fabric.dir/11e90138a67ffbb40a6a5214f261dd20/expo-modules-core/common/cpp/fabric/ExpoViewProps.cpp.o -MF src\fabric\CMakeFiles\fabric.dir\11e90138a67ffbb40a6a5214f261dd20\expo-modules-core\common\cpp\fabric\ExpoViewProps.cpp.o.d -o src/fabric/CMakeFiles/fabric.dir/11e90138a67ffbb40a6a5214f261dd20/expo-modules-core/common/cpp/fabric/ExpoViewProps.cpp.o -c "C:/Users/Michaela Bandasan/ContraceptIQ-App/mobile-app/node_modules/expo-modules-core/common/cpp/fabric/ExpoViewProps.cpp"
  In file included from C:/Users/Michaela Bandasan/ContraceptIQ-App/mobile-app/node_modules/expo-modules-core/common/cpp/fabric/ExpoViewProps.cpp:4:
  In file included from C:/Users/Michaela Bandasan/ContraceptIQ-App/mobile-app/node_modules/react-native/ReactCommon/react/renderer/core/propsConversions.h:15:
  C:/Users/Michaela Bandasan/ContraceptIQ-App/mobile-app/node_modules/react-native/ReactCommon/react/renderer/core/graphicsConversions.h:80:14: error: no member named 'format' in namespace 'std'; did you mean 'folly::format'?
        return std::format("{}%", dimension.value);
               ^~~~~~~~~~~
               folly::format
  C:/Users/Michaela Bandasan/.gradle/caches/8.14.3/transforms/80104bb6e704adcf5f2e0c7d97f0d5f7/transformed/react-android-0.81.4-debug/prefab/modules/reactnative/include/folly/Format.h:291:1: note: 'folly::format' declared here
  format(StringPiece fmt, Args&&... args) {
  ^
  In file included from C:/Users/Michaela Bandasan/ContraceptIQ-App/mobile-app/node_modules/expo-modules-core/common/cpp/fabric/ExpoViewProps.cpp:4:
  In file included from C:/Users/Michaela Bandasan/ContraceptIQ-App/mobile-app/node_modules/react-native/ReactCommon/react/renderer/core/propsConversions.h:15:
  C:/Users/Michaela Bandasan/ContraceptIQ-App/mobile-app/node_modules/react-native/ReactCommon/react/renderer/core/graphicsConversions.h:80:14: error: no viable conversion from returned value of type 'Formatter<false, const float &>' to function return type 'folly::dynamic'
        return std::format("{}%", dimension.value);
               ^~~~~~~~~~~~~~~~~~~~~~~~~~~~~~~~~~~
  C:/Users/Michaela Bandasan/.gradle/caches/8.14.3/transforms/80104bb6e704adcf5f2e0c7d97f0d5f7/transformed/react-android-0.81.4-debug/prefab/modules/reactnative/include/folly/json/dynamic.h:238:18: note: candidate constructor not viable: no known conversion from 'Formatter<false, const float &>' to 'const ObjectMaker &' for 1st argument
    /* implicit */ dynamic(ObjectMaker const&) = delete;
                   ^
  C:/Users/Michaela Bandasan/.gradle/caches/8.14.3/transforms/80104bb6e704adcf5f2e0c7d97f0d5f7/transformed/react-android-0.81.4-debug/prefab/modules/reactnative/include/folly/json/dynamic.h:289:3: note: candidate constructor not viable: no known conversion from 'Formatter<false, const float &>' to 'const dynamic &' for 1st argument
    dynamic(dynamic const&);
    ^
  C:/Users/Michaela Bandasan/.gradle/caches/8.14.3/transforms/80104bb6e704adcf5f2e0c7d97f0d5f7/transformed/react-android-0.81.4-debug/prefab/modules/reactnative/include/folly/json/dynamic.h:290:3: note: candidate constructor not viable: no known conversion from 'Formatter<false, const float &>' to 'dynamic &&' for 1st argument
    dynamic(dynamic&&) noexcept;
    ^
  C:/Users/Michaela Bandasan/.gradle/caches/8.14.3/transforms/80104bb6e704adcf5f2e0c7d97f0d5f7/transformed/react-android-0.81.4-debug/prefab/modules/reactnative/include/folly/json/dynamic-inl.h:321:17: note: candidate constructor not viable: no known conversion from 'Formatter<false, const float &>' to 'std::nullptr_t' for 1st argument
  inline dynamic::dynamic(std::nullptr_t) : type_(NULLT) {}
                  ^
  C:/Users/Michaela Bandasan/.gradle/caches/8.14.3/transforms/80104bb6e704adcf5f2e0c7d97f0d5f7/transformed/react-android-0.81.4-debug/prefab/modules/reactnative/include/folly/json/dynamic-inl.h:323:17: note: candidate constructor not viable: no known conversion from 'Formatter<false, const float &>' to 'void (*)(EmptyArrayTag)' for 1st argument
  inline dynamic::dynamic(void (*)(EmptyArrayTag)) : type_(ARRAY) {
                  ^
  C:/Users/Michaela Bandasan/.gradle/caches/8.14.3/transforms/80104bb6e704adcf5f2e0c7d97f0d5f7/transformed/react-android-0.81.4-debug/prefab/modules/reactnative/include/folly/json/dynamic-inl.h:327:17: note: candidate constructor not viable: no known conversion from 'Formatter<false, const float &>' to 'ObjectMaker (*)()' for 1st argument
  inline dynamic::dynamic(ObjectMaker (*)()) : type_(OBJECT) {
                  ^
  C:/Users/Michaela Bandasan/.gradle/caches/8.14.3/transforms/80104bb6e704adcf5f2e0c7d97f0d5f7/transformed/react-android-0.81.4-debug/prefab/modules/reactnative/include/folly/json/dynamic-inl.h:331:17: note: candidate constructor not viable: no known conversion from 'Formatter<false, const float &>' to 'const char *' for 1st argument
  inline dynamic::dynamic(char const* s) : type_(STRING) {
                  ^
  C:/Users/Michaela Bandasan/.gradle/caches/8.14.3/transforms/80104bb6e704adcf5f2e0c7d97f0d5f7/transformed/react-android-0.81.4-debug/prefab/modules/reactnative/include/folly/json/dynamic-inl.h:335:17: note: candidate constructor not viable: no known conversion from 'Formatter<false, const float &>' to 'std::string' (aka 'basic_string<char>') for 1st argument
  inline dynamic::dynamic(std::string s) : type_(STRING) {
                  ^
  C:/Users/Michaela Bandasan/.gradle/caches/8.14.3/transforms/80104bb6e704adcf5f2e0c7d97f0d5f7/transformed/react-android-0.81.4-debug/prefab/modules/reactnative/include/folly/json/dynamic-inl.h:344:17: note: candidate constructor not viable: no known conversion from 'Formatter<false, const float &>' to 'ObjectMaker &&' for 1st argument
  inline dynamic::dynamic(ObjectMaker&& maker) : type_(OBJECT) {
                  ^
  C:/Users/Michaela Bandasan/.gradle/caches/8.14.3/transforms/80104bb6e704adcf5f2e0c7d97f0d5f7/transformed/react-android-0.81.4-debug/prefab/modules/reactnative/include/folly/json/dynamic-inl.h:376:17: note: candidate constructor not viable: no known conversion from 'Formatter<false, const float &>' to 'std::vector<bool>::reference' (aka '__bit_reference<vector<bool, allocator<bool>>>') for 1st argument
  inline dynamic::dynamic(std::vector<bool>::reference b)
                  ^
  C:/Users/Michaela Bandasan/.gradle/caches/8.14.3/transforms/80104bb6e704adcf5f2e0c7d97f0d5f7/transformed/react-android-0.81.4-debug/prefab/modules/reactnative/include/folly/json/dynamic-inl.h:378:17: note: candidate constructor not viable: no known conversion from 'Formatter<false, const float &>' to 'VectorBoolConstRefCtorType' (aka 'std::__bit_const_reference<std::vector<bool>>') for 1st argument
  inline dynamic::dynamic(VectorBoolConstRefCtorType b)
                  ^
  C:/Users/Michaela Bandasan/.gradle/caches/8.14.3/transforms/80104bb6e704adcf5f2e0c7d97f0d5f7/transformed/react-android-0.81.4-debug/prefab/modules/reactnative/include/folly/json/dynamic-inl.h:340:17: note: candidate template ignored: requirement 'is_detected_v<folly::dynamic_detail::detect_construct_string, folly::Formatter<false, const float &>>' was not satisfied [with Stringish = Formatter<false, const float &>]
  inline dynamic::dynamic(Stringish&& s) : type_(STRING) {
                  ^
  C:/Users/Michaela Bandasan/.gradle/caches/8.14.3/transforms/80104bb6e704adcf5f2e0c7d97f0d5f7/transformed/react-android-0.81.4-debug/prefab/modules/reactnative/include/folly/json/dynamic-inl.h:384:10: note: candidate template ignored: substitution failure [with T = Formatter<false, const float &>]: implicit instantiation of undefined template 'folly::dynamic::NumericTypeHelper<folly::Formatter<false, const float &>>'
  dynamic::dynamic(T t) {
           ^
  C:/Users/Michaela Bandasan/.gradle/caches/8.14.3/transforms/80104bb6e704adcf5f2e0c7d97f0d5f7/transformed/react-android-0.81.4-debug/prefab/modules/reactnative/include/folly/json/dynamic.h:1115:12: note: explicit constructor is not a candidate
    explicit dynamic(Array&& r);
             ^
  2 errors generated.
  [43/49] Building CXX object CMakeFiles/expo-modules-core.dir/src/main/cpp/types/JNIToJSIConverter.cpp.o
  [44/49] Building CXX object CMakeFiles/expo-modules-core.dir/src/main/cpp/decorators/JSConstantsDecorator.cpp.o
  [45/49] Building CXX object src/fabric/CMakeFiles/fabric.dir/4ac87218a3403ced816944c78eb4502a/common/cpp/fabric/ExpoViewShadowNode.cpp.o
  [46/49] Building CXX object src/fabric/CMakeFiles/fabric.dir/FabricComponentsRegistry.cpp.o
  [47/49] Building CXX object src/fabric/CMakeFiles/fabric.dir/4ac87218a3403ced816944c78eb4502a/common/cpp/fabric/ExpoViewComponentDescriptor.cpp.o
  ninja: build stopped: subcommand failed.
  
  C++ build system [build] failed while executing:
      @echo off
      "C:\\Users\\Michaela Bandasan\\AppData\\Local\\Android\\Sdk\\cmake\\3.22.1\\bin\\ninja.exe" ^
        -C ^
        "C:\\Users\\Michaela Bandasan\\ContraceptIQ-App\\mobile-app\\node_modules\\expo-modules-core\\android\\.cxx\\Debug\\48575t29\\arm64-v8a" ^
        expo-modules-core
    from C:\Users\Michaela Bandasan\ContraceptIQ-App\mobile-app\node_modules\expo-modules-core\android

* Try:
> Run with --stacktrace option to get the stack trace.
> Run with --info or --debug option to get more log output.
> Run with --scan to get full insights.
> Get more help at https://help.gradle.org.

Deprecated Gradle features were used in this build, making it incompatible with Gradle 9.0.

You can use '--warning-mode all' to show the individual deprecation warnings and determine if they come from your own scripts or plugins.

For more on this, please refer to https://docs.gradle.org/8.14.3/userguide/command_line_interface.html#sec:command_line_warnings in the Gradle documentation.

BUILD FAILED in 2m 56s
257 actionable tasks: 233 executed, 24 up-to-date
